<?xml version="1.0" encoding="UTF-8"?>
<robot generator="Robot 7.0 (Python 3.12.3 on win32)" generated="2024-05-31T01:21:29.755848" rpa="false" schemaversion="5">
<suite id="s1" name="Alertwindow" source="C:\Users\rajee\Robotframework\RobotTest\alertwindow.robot">
<test id="s1-t1" name="alertwindow" line="7">
<kw name="Open Browser" owner="SeleniumLibrary">
<msg time="2024-05-31T01:21:30.075293" level="INFO">Opening browser 'Chrome' to base url 'https://testautomationpractice.blogspot.com/'.</msg>
<arg>https://testautomationpractice.blogspot.com/</arg>
<arg>Chrome</arg>
<doc>Opens a new browser instance to the optional ``url``.</doc>
<status status="PASS" start="2024-05-31T01:21:30.075293" elapsed="26.207930"/>
</kw>
<kw name="Maximize Browser Window" owner="SeleniumLibrary">
<doc>Maximizes current browser window.</doc>
<status status="PASS" start="2024-05-31T01:21:56.284222" elapsed="0.034034"/>
</kw>
<kw name="Click Button" owner="SeleniumLibrary">
<msg time="2024-05-31T01:21:56.319251" level="INFO">Clicking button '//button[text()=("Alert")]'.</msg>
<arg>//button[text()=("Alert")]</arg>
<doc>Clicks the button identified by ``locator``.</doc>
<status status="PASS" start="2024-05-31T01:21:56.318256" elapsed="0.121256"/>
</kw>
<kw name="Sleep" owner="BuiltIn">
<msg time="2024-05-31T01:21:59.441079" level="INFO">Slept 3 seconds.</msg>
<arg>3</arg>
<doc>Pauses the test executed for the given time.</doc>
<status status="PASS" start="2024-05-31T01:21:56.439512" elapsed="3.001567"/>
</kw>
<kw name="Handle Alert" owner="SeleniumLibrary">
<msg time="2024-05-31T01:21:59.441586" level="INFO">HANDLE::&lt;class 'NoneType'&gt;::None</msg>
<arg>accept</arg>
<doc>Handles the current alert and returns its message.</doc>
<status status="PASS" start="2024-05-31T01:21:59.441586" elapsed="0.004906"/>
</kw>
<kw name="Sleep" owner="BuiltIn">
<msg time="2024-05-31T01:22:01.447875" level="INFO">Slept 2 seconds.</msg>
<arg>2</arg>
<doc>Pauses the test executed for the given time.</doc>
<status status="PASS" start="2024-05-31T01:21:59.446948" elapsed="2.000927"/>
</kw>
<status status="PASS" start="2024-05-31T01:21:30.059670" elapsed="31.388205"/>
</test>
<status status="PASS" start="2024-05-31T01:21:29.755848" elapsed="31.692027"/>
</suite>
<statistics>
<total>
<stat pass="1" fail="0" skip="0">All Tests</stat>
</total>
<tag>
</tag>
<suite>
<stat pass="1" fail="0" skip="0" id="s1" name="Alertwindow">Alertwindow</stat>
</suite>
</statistics>
<errors>
</errors>
</robot>
